<?xml version="1.0" encoding="UTF-8"?>
<!-- Generated by org.testng.reporters.JUnitReportReporter -->
<testsuite hostname="LAPTOP-ISQ7MUIO" failures="0" tests="1" name="tests.BaseTest" time="0.009" errors="0" timestamp="18 Jan 2021 15:26:21 GMT" skipped="0">
  <testcase classname="tests.BaseTest" name="neutral" time="0.009"/>
</testsuite> <!-- tests.BaseTest -->
