<?xml version="1.0" encoding="UTF-8"?>
<!-- Generated by org.testng.reporters.JUnitReportReporter -->
<testsuite hostname="LAPTOP-ISQ7MUIO" failures="0" tests="1" name="tests.DrpDownTest" time="8.600" errors="0" timestamp="05 Mar 2021 13:05:32 GMT" skipped="0">
  <testcase classname="tests.DrpDownTest" name="login" time="8.600"/>
</testsuite> <!-- tests.DrpDownTest -->
